#
# A fatal error has been detected by the Java Runtime Environment:
#
#  EXCEPTION_ACCESS_VIOLATION (0xc0000005) at pc=0x00000000718fa71b, pid=8404, tid=0x0000000000003d48
#
# JRE version: Java(TM) SE Runtime Environment (8.0_181-b13) (build 1.8.0_181-b13)
# Java VM: Java HotSpot(TM) 64-Bit Server VM (25.181-b13 mixed mode windows-amd64 compressed oops)
# Problematic frame:
# V  [jvm.dll+0x14a71b]
#
# Failed to write core dump. Minidumps are not enabled by default on client versions of Windows
#
# If you would like to submit a bug report, please visit:
#   http://bugreport.java.com/bugreport/crash.jsp
#

---------------  T H R E A D  ---------------

Current thread (0x000000001a6fb800):  JavaThread "restartedMain" [_thread_in_vm, id=15688, stack(0x000000001b110000,0x000000001b210000)]

siginfo: ExceptionCode=0xc0000005, reading address 0x0000000000000000

Registers:
RAX=0x000000001a66f708, RBX=0x000000010051ee08, RCX=0x0000000000000002, RDX=0x000000001a66f700
RSP=0x000000001b2098a0, RBP=0x0000000000000006, RSI=0x000000001a6fb9f8, RDI=0x000000001a6fb800
R8 =0x0000000000000004, R9 =0x0000000000000000, R10=0x00000000000002ca, R11=0x000000001a281a00
R12=0x0000000000000000, R13=0x000000001b2099a8, R14=0x000000001b209b18, R15=0x000000001a6fb800
RIP=0x00000000718fa71b, EFLAGS=0x0000000000010206

Top of Stack: (sp=0x000000001b2098a0)
0x000000001b2098a0:   000000001a6fb9f8 000000010051ee08
0x000000001b2098b0:   0000000000000006 000000001a6fb800
0x000000001b2098c0:   0000000000000001 000000010051ee08
0x000000001b2098d0:   00000000032b2b00 00000000719c7e85
0x000000001b2098e0:   00000000032b2b00 0000000070abfff0
0x000000001b2098f0:   000000001a6fb800 0000000000000000
0x000000001b209900:   000000001a6e1768 00000000719c73fc
0x000000001b209910:   000000001a66f700 00000000032b2b00
0x000000001b209920:   000000001a66f700 0000000000000001
0x000000001b209930:   000000001a6fb800 00000000718eeb72
0x000000001b209940:   000000001d67b618 0000000000000005
0x000000001b209950:   000000001a66f700 0000000070a29df4
0x000000001b209960:   0000000000000006 000000001a6fb9f8
0x000000001b209970:   0000000000000005 000000001d67b618
0x000000001b209980:   000000001a66f700 0000000070a2cb34
0x000000001b209990:   000000001a6fb9f8 0000000000000006 

Instructions: (pc=0x00000000718fa71b)
0x00000000718fa6fb:   cf e8 7f ff 0d 00 33 c0 e9 dd 01 00 00 48 8b d0
0x00000000718fa70b:   48 8b ce 48 89 ac 24 c0 00 00 00 e8 45 cc 0c 00
0x00000000718fa71b:   49 8b 0c 24 c7 44 24 40 0e 00 00 00 48 8b 51 08
0x00000000718fa72b:   48 8b e8 0f b7 4a 24 48 8b 52 08 48 8b 54 ca 50 


Register to memory mapping:

RAX=0x000000001a66f708 is an unknown value
RBX=0x000000010051ee08 is pointing into metadata
RCX=0x0000000000000002 is an unknown value
RDX=0x000000001a66f700 is an unknown value
RSP=0x000000001b2098a0 is pointing into the stack for thread: 0x000000001a6fb800
RBP=0x0000000000000006 is an unknown value
RSI=0x000000001a6fb9f8 is an unknown value
RDI=0x000000001a6fb800 is a thread
R8 =0x0000000000000004 is an unknown value
R9 =0x0000000000000000 is an unknown value
R10=0x00000000000002ca is an unknown value
R11=0x000000001a281a00 is an unknown value
R12=0x0000000000000000 is an unknown value
R13=0x000000001b2099a8 is pointing into the stack for thread: 0x000000001a6fb800
R14=0x000000001b209b18 is pointing into the stack for thread: 0x000000001a6fb800
R15=0x000000001a6fb800 is a thread


Stack: [0x000000001b110000,0x000000001b210000],  sp=0x000000001b2098a0,  free space=998k
Native frames: (J=compiled Java code, j=interpreted, Vv=VM code, C=native code)
V  [jvm.dll+0x14a71b]
C  [awt.dll+0x69df4]
C  [awt.dll+0x6cb34]
C  [awt.dll+0x6cbf2]
C  0x00000000033c8c67

Java frames: (J=compiled Java code, j=interpreted, Vv=VM code)
j  sun.awt.windows.ThemeReader.getThemeMargins(JIII)Ljava/awt/Insets;+0
j  sun.awt.windows.ThemeReader.getThemeMargins(Ljava/lang/String;III)Ljava/awt/Insets;+18
j  com.sun.java.swing.plaf.windows.XPStyle.getMargin(Ljava/awt/Component;Lcom/sun/java/swing/plaf/windows/TMSchema$Part;Lcom/sun/java/swing/plaf/windows/TMSchema$State;Lcom/sun/java/swing/plaf/windows/TMSchema$Prop;)Ljava/awt/Insets;+19
j  com.sun.java.swing.plaf.windows.XPStyle.getBorder(Ljava/awt/Component;Lcom/sun/java/swing/plaf/windows/TMSchema$Part;)Ljavax/swing/border/Border;+169
j  com.sun.java.swing.plaf.windows.WindowsLookAndFeel$XPBorderValue.getXPValue(Ljavax/swing/UIDefaults;)Ljava/lang/Object;+17
j  com.sun.java.swing.plaf.windows.WindowsLookAndFeel$XPValue.createValue(Ljavax/swing/UIDefaults;)Ljava/lang/Object;+10
J 3553 C1 javax.swing.UIDefaults.getFromHashtable(Ljava/lang/Object;)Ljava/lang/Object; (239 bytes) @ 0x0000000003aff274 [0x0000000003afeb40+0x734]
j  javax.swing.UIDefaults.get(Ljava/lang/Object;)Ljava/lang/Object;+2
j  javax.swing.MultiUIDefaults.get(Ljava/lang/Object;)Ljava/lang/Object;+45
j  javax.swing.UIDefaults.getBorder(Ljava/lang/Object;)Ljavax/swing/border/Border;+2
j  javax.swing.UIManager.getBorder(Ljava/lang/Object;)Ljavax/swing/border/Border;+4
j  javax.swing.LookAndFeel.installBorder(Ljavax/swing/JComponent;Ljava/lang/String;)V+18
j  javax.swing.plaf.basic.BasicButtonUI.installDefaults(Ljavax/swing/AbstractButton;)V+183
j  com.sun.java.swing.plaf.windows.WindowsButtonUI.installDefaults(Ljavax/swing/AbstractButton;)V+2
j  javax.swing.plaf.basic.BasicButtonUI.installUI(Ljavax/swing/JComponent;)V+5
j  javax.swing.JComponent.setUI(Ljavax/swing/plaf/ComponentUI;)V+39
j  javax.swing.AbstractButton.setUI(Ljavax/swing/plaf/ButtonUI;)V+2
j  javax.swing.JButton.updateUI()V+8
j  javax.swing.AbstractButton.init(Ljava/lang/String;Ljavax/swing/Icon;)V+19
j  javax.swing.JButton.<init>(Ljava/lang/String;Ljavax/swing/Icon;)V+18
j  javax.swing.JButton.<init>(Ljava/lang/String;)V+3
j  com.sun.deploy.panel.TreeRenderers$1.<init>()V+92
j  com.sun.deploy.panel.TreeRenderers.<clinit>()V+4
v  ~StubRoutines::call_stub
J 692  java.lang.Class.forName0(Ljava/lang/String;ZLjava/lang/ClassLoader;Ljava/lang/Class;)Ljava/lang/Class; (0 bytes) @ 0x00000000035d1d47 [0x00000000035d1cc0+0x87]
J 831 C1 java.lang.Class.forName(Ljava/lang/String;ZLjava/lang/ClassLoader;)Ljava/lang/Class; (53 bytes) @ 0x00000000036137ac [0x0000000003613680+0x12c]
J 3375 C1 org.apache.ibatis.io.ClassLoaderWrapper.classForName(Ljava/lang/String;[Ljava/lang/ClassLoader;)Ljava/lang/Class; (84 bytes) @ 0x0000000003aa433c [0x0000000003aa42c0+0x7c]
J 3368 C1 org.apache.ibatis.io.Resources.classForName(Ljava/lang/String;)Ljava/lang/Class; (8 bytes) @ 0x0000000003a9ec14 [0x0000000003a9ebc0+0x54]
j  org.mybatis.spring.SqlSessionFactoryBean.scanClasses(Ljava/lang/String;Ljava/lang/Class;)Ljava/util/Set;+130
j  org.mybatis.spring.SqlSessionFactoryBean.buildSqlSessionFactory()Lorg/apache/ibatis/session/SqlSessionFactory;+212
j  org.mybatis.spring.SqlSessionFactoryBean.afterPropertiesSet()V+58
j  org.mybatis.spring.SqlSessionFactoryBean.getObject()Lorg/apache/ibatis/session/SqlSessionFactory;+8
j  org.mybatis.spring.boot.autoconfigure.MybatisAutoConfiguration.sqlSessionFactory(Ljavax/sql/DataSource;)Lorg/apache/ibatis/session/SqlSessionFactory;+205
j  org.mybatis.spring.boot.autoconfigure.MybatisAutoConfiguration$$EnhancerBySpringCGLIB$$7a86358c.CGLIB$sqlSessionFactory$1(Ljavax/sql/DataSource;)Lorg/apache/ibatis/session/SqlSessionFactory;+2
j  org.mybatis.spring.boot.autoconfigure.MybatisAutoConfiguration$$EnhancerBySpringCGLIB$$7a86358c$$FastClassBySpringCGLIB$$8e28a2c3.invoke(ILjava/lang/Object;[Ljava/lang/Object;)Ljava/lang/Object;+184
j  org.springframework.cglib.proxy.MethodProxy.invokeSuper(Ljava/lang/Object;[Ljava/lang/Object;)Ljava/lang/Object;+19
j  org.springframework.context.annotation.ConfigurationClassEnhancer$BeanMethodInterceptor.intercept(Ljava/lang/Object;Ljava/lang/reflect/Method;[Ljava/lang/Object;Lorg/springframework/cglib/proxy/MethodProxy;)Ljava/lang/Object;+207
j  org.mybatis.spring.boot.autoconfigure.MybatisAutoConfiguration$$EnhancerBySpringCGLIB$$7a86358c.sqlSessionFactory(Ljavax/sql/DataSource;)Lorg/apache/ibatis/session/SqlSessionFactory;+36
v  ~StubRoutines::call_stub
J 1956  sun.reflect.NativeMethodAccessorImpl.invoke0(Ljava/lang/reflect/Method;Ljava/lang/Object;[Ljava/lang/Object;)Ljava/lang/Object; (0 bytes) @ 0x0000000003825a3f [0x00000000038259c0+0x7f]
J 1704 C1 sun.reflect.NativeMethodAccessorImpl.invoke(Ljava/lang/Object;[Ljava/lang/Object;)Ljava/lang/Object; (104 bytes) @ 0x00000000037a531c [0x00000000037a4fa0+0x37c]
J 1698 C1 sun.reflect.DelegatingMethodAccessorImpl.invoke(Ljava/lang/Object;[Ljava/lang/Object;)Ljava/lang/Object; (10 bytes) @ 0x000000000377f5a4 [0x000000000377f560+0x44]
J 1697 C1 java.lang.reflect.Method.invoke(Ljava/lang/Object;[Ljava/lang/Object;)Ljava/lang/Object; (62 bytes) @ 0x000000000377f1d4 [0x000000000377f0e0+0xf4]
j  org.springframework.beans.factory.support.SimpleInstantiationStrategy.instantiate(Lorg/springframework/beans/factory/support/RootBeanDefinition;Ljava/lang/String;Lorg/springframework/beans/factory/BeanFactory;Ljava/lang/Object;Ljava/lang/reflect/Method;[Ljava/lang/Object;)Ljava/lang/Object;+50
j  org.springframework.beans.factory.support.ConstructorResolver.instantiate(Ljava/lang/String;Lorg/springframework/beans/factory/support/RootBeanDefinition;Ljava/lang/Object;Ljava/lang/reflect/Method;[Ljava/lang/Object;)Ljava/lang/Object;+48
j  org.springframework.beans.factory.support.ConstructorResolver.instantiateUsingFactoryMethod(Ljava/lang/String;Lorg/springframework/beans/factory/support/RootBeanDefinition;[Ljava/lang/Object;)Lorg/springframework/beans/BeanWrapper;+1479
j  org.springframework.beans.factory.support.AbstractAutowireCapableBeanFactory.instantiateUsingFactoryMethod(Ljava/lang/String;Lorg/springframework/beans/factory/support/RootBeanDefinition;[Ljava/lang/Object;)Lorg/springframework/beans/BeanWrapper;+11
j  org.springframework.beans.factory.support.AbstractAutowireCapableBeanFactory.createBeanInstance(Ljava/lang/String;Lorg/springframework/beans/factory/support/RootBeanDefinition;[Ljava/lang/Object;)Lorg/springframework/beans/BeanWrapper;+101
j  org.springframework.beans.factory.support.AbstractAutowireCapableBeanFactory.doCreateBean(Ljava/lang/String;Lorg/springframework/beans/factory/support/RootBeanDefinition;[Ljava/lang/Object;)Ljava/lang/Object;+34
j  org.springframework.beans.factory.support.AbstractAutowireCapableBeanFactory.createBean(Ljava/lang/String;Lorg/springframework/beans/factory/support/RootBeanDefinition;[Ljava/lang/Object;)Ljava/lang/Object;+169
j  org.springframework.beans.factory.support.AbstractBeanFactory.lambda$doGetBean$0(Ljava/lang/String;Lorg/springframework/beans/factory/support/RootBeanDefinition;[Ljava/lang/Object;)Ljava/lang/Object;+4
j  org.springframework.beans.factory.support.AbstractBeanFactory$$Lambda$105.getObject()Ljava/lang/Object;+16
j  org.springframework.beans.factory.support.DefaultSingletonBeanRegistry.getSingleton(Ljava/lang/String;Lorg/springframework/beans/factory/ObjectFactory;)Ljava/lang/Object;+132
J 2480 C1 org.springframework.beans.factory.support.AbstractBeanFactory.doGetBean(Ljava/lang/String;Ljava/lang/Class;[Ljava/lang/Object;Z)Ljava/lang/Object; (833 bytes) @ 0x000000000390ef8c [0x000000000390e9c0+0x5cc]
j  org.springframework.beans.factory.support.AbstractBeanFactory.getBean(Ljava/lang/String;)Ljava/lang/Object;+5
j  org.springframework.beans.factory.config.DependencyDescriptor.resolveCandidate(Ljava/lang/String;Ljava/lang/Class;Lorg/springframework/beans/factory/BeanFactory;)Ljava/lang/Object;+2
j  org.springframework.beans.factory.support.DefaultListableBeanFactory.doResolveDependency(Lorg/springframework/beans/factory/config/DependencyDescriptor;Ljava/lang/String;Ljava/util/Set;Lorg/springframework/beans/TypeConverter;)Ljava/lang/Object;+440
j  org.springframework.beans.factory.support.DefaultListableBeanFactory.resolveDependency(Lorg/springframework/beans/factory/config/DependencyDescriptor;Ljava/lang/String;Ljava/util/Set;Lorg/springframework/beans/TypeConverter;)Ljava/lang/Object;+108
j  org.springframework.beans.factory.support.AbstractAutowireCapableBeanFactory.autowireByType(Ljava/lang/String;Lorg/springframework/beans/factory/support/AbstractBeanDefinition;Lorg/springframework/beans/BeanWrapper;Lorg/springframework/beans/MutablePropertyValues;)V+128
j  org.springframework.beans.factory.support.AbstractAutowireCapableBeanFactory.populateBean(Ljava/lang/String;Lorg/springframework/beans/factory/support/RootBeanDefinition;Lorg/springframework/beans/BeanWrapper;)V+200
j  org.springframework.beans.factory.support.AbstractAutowireCapableBeanFactory.doCreateBean(Ljava/lang/String;Lorg/springframework/beans/factory/support/RootBeanDefinition;[Ljava/lang/Object;)Ljava/lang/Object;+237
j  org.springframework.beans.factory.support.AbstractAutowireCapableBeanFactory.createBean(Ljava/lang/String;Lorg/springframework/beans/factory/support/RootBeanDefinition;[Ljava/lang/Object;)Ljava/lang/Object;+169
j  org.springframework.beans.factory.support.AbstractBeanFactory.lambda$doGetBean$0(Ljava/lang/String;Lorg/springframework/beans/factory/support/RootBeanDefinition;[Ljava/lang/Object;)Ljava/lang/Object;+4
j  org.springframework.beans.factory.support.AbstractBeanFactory$$Lambda$105.getObject()Ljava/lang/Object;+16
j  org.springframework.beans.factory.support.DefaultSingletonBeanRegistry.getSingleton(Ljava/lang/String;Lorg/springframework/beans/factory/ObjectFactory;)Ljava/lang/Object;+132
J 2480 C1 org.springframework.beans.factory.support.AbstractBeanFactory.doGetBean(Ljava/lang/String;Ljava/lang/Class;[Ljava/lang/Object;Z)Ljava/lang/Object; (833 bytes) @ 0x000000000390ef8c [0x000000000390e9c0+0x5cc]
j  org.springframework.beans.factory.support.AbstractBeanFactory.getBean(Ljava/lang/String;)Ljava/lang/Object;+5
j  org.springframework.beans.factory.config.DependencyDescriptor.resolveCandidate(Ljava/lang/String;Ljava/lang/Class;Lorg/springframework/beans/factory/BeanFactory;)Ljava/lang/Object;+2
j  org.springframework.beans.factory.support.DefaultListableBeanFactory.doResolveDependency(Lorg/springframework/beans/factory/config/DependencyDescriptor;Ljava/lang/String;Ljava/util/Set;Lorg/springframework/beans/TypeConverter;)Ljava/lang/Object;+440
j  org.springframework.beans.factory.support.DefaultListableBeanFactory.resolveDependency(Lorg/springframework/beans/factory/config/DependencyDescriptor;Ljava/lang/String;Ljava/util/Set;Lorg/springframework/beans/TypeConverter;)Ljava/lang/Object;+108
j  org.springframework.beans.factory.annotation.AutowiredAnnotationBeanPostProcessor$AutowiredFieldElement.inject(Ljava/lang/Object;Ljava/lang/String;Lorg/springframework/beans/PropertyValues;)V+115
j  org.springframework.beans.factory.annotation.InjectionMetadata.inject(Ljava/lang/Object;Ljava/lang/String;Lorg/springframework/beans/PropertyValues;)V+116
j  org.springframework.beans.factory.annotation.AutowiredAnnotationBeanPostProcessor.postProcessProperties(Lorg/springframework/beans/PropertyValues;Ljava/lang/Object;Ljava/lang/String;)Lorg/springframework/beans/PropertyValues;+17
j  org.springframework.beans.factory.support.AbstractAutowireCapableBeanFactory.populateBean(Ljava/lang/String;Lorg/springframework/beans/factory/support/RootBeanDefinition;Lorg/springframework/beans/BeanWrapper;)V+305
j  org.springframework.beans.factory.support.AbstractAutowireCapableBeanFactory.doCreateBean(Ljava/lang/String;Lorg/springframework/beans/factory/support/RootBeanDefinition;[Ljava/lang/Object;)Ljava/lang/Object;+237
j  org.springframework.beans.factory.support.AbstractAutowireCapableBeanFactory.createBean(Ljava/lang/String;Lorg/springframework/beans/factory/support/RootBeanDefinition;[Ljava/lang/Object;)Ljava/lang/Object;+169
j  org.springframework.beans.factory.support.AbstractBeanFactory.lambda$doGetBean$0(Ljava/lang/String;Lorg/springframework/beans/factory/support/RootBeanDefinition;[Ljava/lang/Object;)Ljava/lang/Object;+4
j  org.springframework.beans.factory.support.AbstractBeanFactory$$Lambda$105.getObject()Ljava/lang/Object;+16
j  org.springframework.beans.factory.support.DefaultSingletonBeanRegistry.getSingleton(Ljava/lang/String;Lorg/springframework/beans/factory/ObjectFactory;)Ljava/lang/Object;+132
J 2480 C1 org.springframework.beans.factory.support.AbstractBeanFactory.doGetBean(Ljava/lang/String;Ljava/lang/Class;[Ljava/lang/Object;Z)Ljava/lang/Object; (833 bytes) @ 0x000000000390ef8c [0x000000000390e9c0+0x5cc]
j  org.springframework.beans.factory.support.AbstractBeanFactory.getBean(Ljava/lang/String;)Ljava/lang/Object;+5
j  org.springframework.beans.factory.config.DependencyDescriptor.resolveCandidate(Ljava/lang/String;Ljava/lang/Class;Lorg/springframework/beans/factory/BeanFactory;)Ljava/lang/Object;+2
j  org.springframework.beans.factory.support.DefaultListableBeanFactory.doResolveDependency(Lorg/springframework/beans/factory/config/DependencyDescriptor;Ljava/lang/String;Ljava/util/Set;Lorg/springframework/beans/TypeConverter;)Ljava/lang/Object;+440
j  org.springframework.beans.factory.support.DefaultListableBeanFactory.resolveDependency(Lorg/springframework/beans/factory/config/DependencyDescriptor;Ljava/lang/String;Ljava/util/Set;Lorg/springframework/beans/TypeConverter;)Ljava/lang/Object;+108
j  org.springframework.beans.factory.annotation.AutowiredAnnotationBeanPostProcessor$AutowiredFieldElement.inject(Ljava/lang/Object;Ljava/lang/String;Lorg/springframework/beans/PropertyValues;)V+115
j  org.springframework.beans.factory.annotation.InjectionMetadata.inject(Ljava/lang/Object;Ljava/lang/String;Lorg/springframework/beans/PropertyValues;)V+116
j  org.springframework.beans.factory.annotation.AutowiredAnnotationBeanPostProcessor.postProcessProperties(Lorg/springframework/beans/PropertyValues;Ljava/lang/Object;Ljava/lang/String;)Lorg/springframework/beans/PropertyValues;+17
j  org.springframework.beans.factory.support.AbstractAutowireCapableBeanFactory.populateBean(Ljava/lang/String;Lorg/springframework/beans/factory/support/RootBeanDefinition;Lorg/springframework/beans/BeanWrapper;)V+305
j  org.springframework.beans.factory.support.AbstractAutowireCapableBeanFactory.doCreateBean(Ljava/lang/String;Lorg/springframework/beans/factory/support/RootBeanDefinition;[Ljava/lang/Object;)Ljava/lang/Object;+237
j  org.springframework.beans.factory.support.AbstractAutowireCapableBeanFactory.createBean(Ljava/lang/String;Lorg/springframework/beans/factory/support/RootBeanDefinition;[Ljava/lang/Object;)Ljava/lang/Object;+169
j  org.springframework.beans.factory.support.AbstractBeanFactory.lambda$doGetBean$0(Ljava/lang/String;Lorg/springframework/beans/factory/support/RootBeanDefinition;[Ljava/lang/Object;)Ljava/lang/Object;+4
j  org.springframework.beans.factory.support.AbstractBeanFactory$$Lambda$105.getObject()Ljava/lang/Object;+16
j  org.springframework.beans.factory.support.DefaultSingletonBeanRegistry.getSingleton(Ljava/lang/String;Lorg/springframework/beans/factory/ObjectFactory;)Ljava/lang/Object;+132
J 2480 C1 org.springframework.beans.factory.support.AbstractBeanFactory.doGetBean(Ljava/lang/String;Ljava/lang/Class;[Ljava/lang/Object;Z)Ljava/lang/Object; (833 bytes) @ 0x000000000390ef8c [0x000000000390e9c0+0x5cc]
j  org.springframework.beans.factory.support.AbstractBeanFactory.getBean(Ljava/lang/String;)Ljava/lang/Object;+5
j  org.springframework.beans.factory.support.DefaultListableBeanFactory.preInstantiateSingletons()V+248
j  org.springframework.context.support.AbstractApplicationContext.finishBeanFactoryInitialization(Lorg/springframework/beans/factory/config/ConfigurableListableBeanFactory;)V+124
j  org.springframework.context.support.AbstractApplicationContext.refresh()V+54
j  org.springframework.boot.web.servlet.context.ServletWebServerApplicationContext.refresh()V+1
j  org.springframework.boot.SpringApplication.refresh(Lorg/springframework/context/ApplicationContext;)V+10
j  org.springframework.boot.SpringApplication.refreshContext(Lorg/springframework/context/ConfigurableApplicationContext;)V+2
j  org.springframework.boot.SpringApplication.run([Ljava/lang/String;)Lorg/springframework/context/ConfigurableApplicationContext;+118
j  org.springframework.boot.SpringApplication.run([Ljava/lang/Class;[Ljava/lang/String;)Lorg/springframework/context/ConfigurableApplicationContext;+9
j  org.springframework.boot.SpringApplication.run(Ljava/lang/Class;[Ljava/lang/String;)Lorg/springframework/context/ConfigurableApplicationContext;+9
j  com.Application.main([Ljava/lang/String;)V+3
v  ~StubRoutines::call_stub
j  sun.reflect.NativeMethodAccessorImpl.invoke0(Ljava/lang/reflect/Method;Ljava/lang/Object;[Ljava/lang/Object;)Ljava/lang/Object;+0
j  sun.reflect.NativeMethodAccessorImpl.invoke(Ljava/lang/Object;[Ljava/lang/Object;)Ljava/lang/Object;+100
j  sun.reflect.DelegatingMethodAccessorImpl.invoke(Ljava/lang/Object;[Ljava/lang/Object;)Ljava/lang/Object;+6
j  java.lang.reflect.Method.invoke(Ljava/lang/Object;[Ljava/lang/Object;)Ljava/lang/Object;+56
j  org.springframework.boot.devtools.restart.RestartLauncher.run()V+41
v  ~StubRoutines::call_stub

---------------  P R O C E S S  ---------------

Java Threads: ( => current thread )
  0x000000001c285800 JavaThread "Image Fetcher 0" daemon [_thread_blocked, id=16524, stack(0x000000001f170000,0x000000001f270000)]
  0x000000001c287000 JavaThread "AWT-Windows" daemon [_thread_in_native, id=5296, stack(0x000000001e4e0000,0x000000001e5e0000)]
  0x000000001c284000 JavaThread "AWT-Shutdown" [_thread_blocked, id=14576, stack(0x000000001e3e0000,0x000000001e4e0000)]
  0x000000001c283000 JavaThread "Java2D Disposer" daemon [_thread_blocked, id=15444, stack(0x000000001e2e0000,0x000000001e3e0000)]
  0x000000001c281800 JavaThread "CacheCleanUpThread" daemon [_thread_blocked, id=4616, stack(0x000000001e0e0000,0x000000001e1e0000)]
  0x000000001c286000 JavaThread "traceMsgQueueThread" daemon [_thread_blocked, id=15132, stack(0x000000001dfe0000,0x000000001e0e0000)]
  0x000000001c281000 JavaThread "CacheMemoryCleanUpThread" daemon [_thread_blocked, id=11068, stack(0x000000001dee0000,0x000000001dfe0000)]
  0x000000001c282800 JavaThread "MemoryCache-DelayedCleanup" daemon [_thread_blocked, id=4728, stack(0x000000001dde0000,0x000000001dee0000)]
  0x000000001c287800 JavaThread "mysql-cj-abandoned-connection-cleanup" daemon [_thread_blocked, id=6152, stack(0x000000001dce0000,0x000000001dde0000)]
  0x000000001c1f7000 JavaThread "container-0" [_thread_blocked, id=9376, stack(0x000000001dae0000,0x000000001dbe0000)]
  0x000000001c1f6800 JavaThread "Catalina-utility-2" [_thread_blocked, id=13416, stack(0x000000001d9e0000,0x000000001dae0000)]
  0x000000001c1f2800 JavaThread "Catalina-utility-1" [_thread_blocked, id=13364, stack(0x000000001d8e0000,0x000000001d9e0000)]
  0x000000001a6fc800 JavaThread "RMI Scheduler(0)" daemon [_thread_blocked, id=7296, stack(0x000000001b210000,0x000000001b310000)]
=>0x000000001a6fb800 JavaThread "restartedMain" [_thread_in_vm, id=15688, stack(0x000000001b110000,0x000000001b210000)]
  0x000000001a6e0000 JavaThread "Thread-1" [_thread_blocked, id=9168, stack(0x000000001b010000,0x000000001b110000)]
  0x000000001a545800 JavaThread "RMI TCP Connection(1)-192.168.188.1" daemon [_thread_in_native, id=9904, stack(0x000000001af10000,0x000000001b010000)]
  0x000000001a277000 JavaThread "RMI TCP Accept-0" daemon [_thread_in_native, id=10500, stack(0x0000000019f50000,0x000000001a050000)]
  0x00000000196ed000 JavaThread "Service Thread" daemon [_thread_blocked, id=2948, stack(0x0000000019de0000,0x0000000019ee0000)]
  0x00000000196c5000 JavaThread "C1 CompilerThread2" daemon [_thread_blocked, id=9464, stack(0x0000000019ce0000,0x0000000019de0000)]
  0x0000000019676800 JavaThread "C2 CompilerThread1" daemon [_thread_blocked, id=16328, stack(0x0000000019be0000,0x0000000019ce0000)]
  0x0000000019657800 JavaThread "C2 CompilerThread0" daemon [_thread_blocked, id=224, stack(0x0000000019ae0000,0x0000000019be0000)]
  0x0000000019655800 JavaThread "Monitor Ctrl-Break" daemon [_thread_in_native, id=9608, stack(0x00000000199e0000,0x0000000019ae0000)]
  0x0000000017f8a800 JavaThread "Attach Listener" daemon [_thread_blocked, id=2640, stack(0x00000000198e0000,0x00000000199e0000)]
  0x0000000017f43000 JavaThread "Signal Dispatcher" daemon [_thread_blocked, id=10420, stack(0x00000000197e0000,0x00000000198e0000)]
  0x0000000017f20000 JavaThread "Finalizer" daemon [_thread_blocked, id=12388, stack(0x0000000019180000,0x0000000019280000)]
  0x00000000033a4800 JavaThread "Reference Handler" daemon [_thread_blocked, id=9044, stack(0x0000000019080000,0x0000000019180000)]
  0x00000000032b6000 JavaThread "main" [_thread_blocked, id=9576, stack(0x0000000003060000,0x0000000003160000)]

Other Threads:
  0x0000000017ef6800 VMThread [stack: 0x0000000018f80000,0x0000000019080000] [id=14216]
  0x000000001a27a800 WatcherThread [stack: 0x000000001a910000,0x000000001aa10000] [id=8676]

VM state:not at safepoint (normal execution)

VM Mutex/Monitor currently owned by a thread: None

Heap:
 PSYoungGen      total 240128K, used 22523K [0x00000000d5d80000, 0x00000000eee00000, 0x0000000100000000)
  eden space 223232K, 10% used [0x00000000d5d80000,0x00000000d737ed28,0x00000000e3780000)
  from space 16896K, 0% used [0x00000000e3780000,0x00000000e3780000,0x00000000e4800000)
  to   space 21504K, 0% used [0x00000000ed900000,0x00000000ed900000,0x00000000eee00000)
 ParOldGen       total 93184K, used 27946K [0x0000000081800000, 0x0000000087300000, 0x00000000d5d80000)
  object space 93184K, 29% used [0x0000000081800000,0x000000008334a9e0,0x0000000087300000)
 Metaspace       used 37434K, capacity 38998K, committed 39296K, reserved 1083392K
  class space    used 5174K, capacity 5482K, committed 5504K, reserved 1048576K

Card table byte_map: [0x0000000012770000,0x0000000012b70000] byte_map_base: 0x0000000012364000

Marking Bits: (ParMarkBitMap*) 0x0000000071fd2d00
 Begin Bits: [0x0000000013220000, 0x00000000151c0000)
 End Bits:   [0x00000000151c0000, 0x0000000017160000)

Polling page: 0x00000000011e0000

CodeCache: size=245760Kb used=7487Kb max_used=7487Kb free=238272Kb
 bounds [0x00000000033b0000, 0x0000000003b10000, 0x00000000123b0000]
 total_blobs=4076 nmethods=3523 adapters=464
 compilation: enabled

Compilation events (10 events):
Event: 10.964 Thread 0x00000000196c5000 3551       1       sun.awt.image.IntegerInterleavedRaster::setDataElements (94 bytes)
Event: 10.965 Thread 0x00000000196c5000 nmethod 3551 0x0000000003afced0 code [0x0000000003afd040, 0x0000000003afd308]
Event: 10.966 Thread 0x00000000196c5000 3552   !   1       sun.awt.AppContext::get (123 bytes)
Event: 10.966 Thread 0x00000000196c5000 nmethod 3552 0x0000000003afd5d0 code [0x0000000003afd740, 0x0000000003afdc48]
Event: 10.976 Thread 0x00000000196c5000 3553   !   1       javax.swing.UIDefaults::getFromHashtable (239 bytes)
Event: 10.977 Thread 0x00000000196c5000 nmethod 3553 0x0000000003afe910 code [0x0000000003afeb40, 0x0000000003aff728]
Event: 10.980 Thread 0x00000000196c5000 3554       1       java.util.ResourceBundle$CacheKey::calculateHashCode (52 bytes)
Event: 10.981 Thread 0x00000000196c5000 nmethod 3554 0x0000000003affcd0 code [0x0000000003affe60, 0x0000000003b00088]
Event: 10.998 Thread 0x00000000196c5000 3555       1       javax.swing.UIDefaults::get (21 bytes)
Event: 10.998 Thread 0x00000000196c5000 nmethod 3555 0x0000000003b00210 code [0x0000000003b00380, 0x0000000003b004f8]

GC Heap History (10 events):
Event: 3.652 GC heap before
{Heap before GC invocations=5 (full 1):
 PSYoungGen      total 138240K, used 5096K [0x00000000d5d80000, 0x00000000de980000, 0x0000000100000000)
  eden space 133120K, 0% used [0x00000000d5d80000,0x00000000d5d80000,0x00000000ddf80000)
  from space 5120K, 99% used [0x00000000de480000,0x00000000de97a040,0x00000000de980000)
  to   space 5120K, 0% used [0x00000000ddf80000,0x00000000ddf80000,0x00000000de480000)
 ParOldGen       total 87552K, used 8270K [0x0000000081800000, 0x0000000086d80000, 0x00000000d5d80000)
  object space 87552K, 9% used [0x0000000081800000,0x0000000082013900,0x0000000086d80000)
 Metaspace       used 20577K, capacity 21214K, committed 21296K, reserved 1067008K
  class space    used 2746K, capacity 2922K, committed 2944K, reserved 1048576K
Event: 3.700 GC heap after
Heap after GC invocations=5 (full 1):
 PSYoungGen      total 138240K, used 0K [0x00000000d5d80000, 0x00000000de980000, 0x0000000100000000)
  eden space 133120K, 0% used [0x00000000d5d80000,0x00000000d5d80000,0x00000000ddf80000)
  from space 5120K, 0% used [0x00000000de480000,0x00000000de480000,0x00000000de980000)
  to   space 5120K, 0% used [0x00000000ddf80000,0x00000000ddf80000,0x00000000de480000)
 ParOldGen       total 54784K, used 7530K [0x0000000081800000, 0x0000000084d80000, 0x00000000d5d80000)
  object space 54784K, 13% used [0x0000000081800000,0x0000000081f5a898,0x0000000084d80000)
 Metaspace       used 20575K, capacity 21208K, committed 21296K, reserved 1067008K
  class space    used 2745K, capacity 2921K, committed 2944K, reserved 1048576K
}
Event: 5.375 GC heap before
{Heap before GC invocations=6 (full 1):
 PSYoungGen      total 138240K, used 133120K [0x00000000d5d80000, 0x00000000de980000, 0x0000000100000000)
  eden space 133120K, 100% used [0x00000000d5d80000,0x00000000ddf80000,0x00000000ddf80000)
  from space 5120K, 0% used [0x00000000de480000,0x00000000de480000,0x00000000de980000)
  to   space 5120K, 0% used [0x00000000ddf80000,0x00000000ddf80000,0x00000000de480000)
 ParOldGen       total 54784K, used 7530K [0x0000000081800000, 0x0000000084d80000, 0x00000000d5d80000)
  object space 54784K, 13% used [0x0000000081800000,0x0000000081f5a898,0x0000000084d80000)
 Metaspace       used 21647K, capacity 22366K, committed 22528K, reserved 1069056K
  class space    used 2875K, capacity 3072K, committed 3072K, reserved 1048576K
Event: 5.398 GC heap after
Heap after GC invocations=6 (full 1):
 PSYoungGen      total 138240K, used 5102K [0x00000000d5d80000, 0x00000000e5380000, 0x0000000100000000)
  eden space 133120K, 0% used [0x00000000d5d80000,0x00000000d5d80000,0x00000000ddf80000)
  from space 5120K, 99% used [0x00000000ddf80000,0x00000000de47bba8,0x00000000de480000)
  to   space 11776K, 0% used [0x00000000e4800000,0x00000000e4800000,0x00000000e5380000)
 ParOldGen       total 54784K, used 12472K [0x0000000081800000, 0x0000000084d80000, 0x00000000d5d80000)
  object space 54784K, 22% used [0x0000000081800000,0x000000008242e2a0,0x0000000084d80000)
 Metaspace       used 21647K, capacity 22366K, committed 22528K, reserved 1069056K
  class space    used 2875K, capacity 3072K, committed 3072K, reserved 1048576K
}
Event: 7.483 GC heap before
{Heap before GC invocations=7 (full 1):
 PSYoungGen      total 138240K, used 138222K [0x00000000d5d80000, 0x00000000e5380000, 0x0000000100000000)
  eden space 133120K, 100% used [0x00000000d5d80000,0x00000000ddf80000,0x00000000ddf80000)
  from space 5120K, 99% used [0x00000000ddf80000,0x00000000de47bba8,0x00000000de480000)
  to   space 11776K, 0% used [0x00000000e4800000,0x00000000e4800000,0x00000000e5380000)
 ParOldGen       total 54784K, used 12472K [0x0000000081800000, 0x0000000084d80000, 0x00000000d5d80000)
  object space 54784K, 22% used [0x0000000081800000,0x000000008242e2a0,0x0000000084d80000)
 Metaspace       used 22252K, capacity 22956K, committed 23168K, reserved 1069056K
  class space    used 2960K, capacity 3155K, committed 3200K, reserved 1048576K
Event: 7.519 GC heap after
Heap after GC invocations=7 (full 1):
 PSYoungGen      total 235008K, used 11751K [0x00000000d5d80000, 0x00000000e5a00000, 0x0000000100000000)
  eden space 223232K, 0% used [0x00000000d5d80000,0x00000000d5d80000,0x00000000e3780000)
  from space 11776K, 99% used [0x00000000e4800000,0x00000000e5379ca0,0x00000000e5380000)
  to   space 16896K, 0% used [0x00000000e3780000,0x00000000e3780000,0x00000000e4800000)
 ParOldGen       total 54784K, used 18433K [0x0000000081800000, 0x0000000084d80000, 0x00000000d5d80000)
  object space 54784K, 33% used [0x0000000081800000,0x0000000082a00658,0x0000000084d80000)
 Metaspace       used 22252K, capacity 22956K, committed 23168K, reserved 1069056K
  class space    used 2960K, capacity 3155K, committed 3200K, reserved 1048576K
}
Event: 10.273 GC heap before
{Heap before GC invocations=8 (full 1):
 PSYoungGen      total 235008K, used 232530K [0x00000000d5d80000, 0x00000000e5a00000, 0x0000000100000000)
  eden space 223232K, 98% used [0x00000000d5d80000,0x00000000e351ac48,0x00000000e3780000)
  from space 11776K, 99% used [0x00000000e4800000,0x00000000e5379ca0,0x00000000e5380000)
  to   space 16896K, 0% used [0x00000000e3780000,0x00000000e3780000,0x00000000e4800000)
 ParOldGen       total 54784K, used 18433K [0x0000000081800000, 0x0000000084d80000, 0x00000000d5d80000)
  object space 54784K, 33% used [0x0000000081800000,0x0000000082a00658,0x0000000084d80000)
 Metaspace       used 33895K, capacity 35406K, committed 35456K, reserved 1079296K
  class space    used 4676K, capacity 4989K, committed 4992K, reserved 1048576K
Event: 10.297 GC heap after
Heap after GC invocations=8 (full 1):
 PSYoungGen      total 240128K, used 16890K [0x00000000d5d80000, 0x00000000eee00000, 0x0000000100000000)
  eden space 223232K, 0% used [0x00000000d5d80000,0x00000000d5d80000,0x00000000e3780000)
  from space 16896K, 99% used [0x00000000e3780000,0x00000000e47fe838,0x00000000e4800000)
  to   space 21504K, 0% used [0x00000000ed900000,0x00000000ed900000,0x00000000eee00000)
 ParOldGen       total 54784K, used 22400K [0x0000000081800000, 0x0000000084d80000, 0x00000000d5d80000)
  object space 54784K, 40% used [0x0000000081800000,0x0000000082de03f0,0x0000000084d80000)
 Metaspace       used 33895K, capacity 35406K, committed 35456K, reserved 1079296K
  class space    used 4676K, capacity 4989K, committed 4992K, reserved 1048576K
}
Event: 10.297 GC heap before
{Heap before GC invocations=9 (full 2):
 PSYoungGen      total 240128K, used 16890K [0x00000000d5d80000, 0x00000000eee00000, 0x0000000100000000)
  eden space 223232K, 0% used [0x00000000d5d80000,0x00000000d5d80000,0x00000000e3780000)
  from space 16896K, 99% used [0x00000000e3780000,0x00000000e47fe838,0x00000000e4800000)
  to   space 21504K, 0% used [0x00000000ed900000,0x00000000ed900000,0x00000000eee00000)
 ParOldGen       total 54784K, used 22400K [0x0000000081800000, 0x0000000084d80000, 0x00000000d5d80000)
  object space 54784K, 40% used [0x0000000081800000,0x0000000082de03f0,0x0000000084d80000)
 Metaspace       used 33895K, capacity 35406K, committed 35456K, reserved 1079296K
  class space    used 4676K, capacity 4989K, committed 4992K, reserved 1048576K
Event: 10.383 GC heap after
Heap after GC invocations=9 (full 2):
 PSYoungGen      total 240128K, used 0K [0x00000000d5d80000, 0x00000000eee00000, 0x0000000100000000)
  eden space 223232K, 0% used [0x00000000d5d80000,0x00000000d5d80000,0x00000000e3780000)
  from space 16896K, 0% used [0x00000000e3780000,0x00000000e3780000,0x00000000e4800000)
  to   space 21504K, 0% used [0x00000000ed900000,0x00000000ed900000,0x00000000eee00000)
 ParOldGen       total 93184K, used 27946K [0x0000000081800000, 0x0000000087300000, 0x00000000d5d80000)
  object space 93184K, 29% used [0x0000000081800000,0x000000008334a9e0,0x0000000087300000)
 Metaspace       used 33895K, capacity 35406K, committed 35456K, reserved 1079296K
  class space    used 4676K, capacity 4989K, committed 4992K, reserved 1048576K
}

Deoptimization events (0 events):
No events

Classes redefined (0 events):
No events

Internal exceptions (10 events):
Event: 9.991 Thread 0x000000001a6fb800 Exception <a 'java/lang/NullPointerException'> (0x00000000e2060090) thrown at [C:\re\workspace\8-2-build-windows-amd64-cygwin\jdk8u181\11358\hotspot\src\share\vm\interpreter\linkResolver.cpp, line 1185]
Event: 10.019 Thread 0x000000001a6fb800 Exception <a 'java/lang/NullPointerException'> (0x00000000e21d7500) thrown at [C:\re\workspace\8-2-build-windows-amd64-cygwin\jdk8u181\11358\hotspot\src\share\vm\interpreter\linkResolver.cpp, line 1185]
Event: 10.132 Thread 0x000000001a6fb800 Exception <a 'java/lang/NullPointerException'> (0x00000000e29a0890) thrown at [C:\re\workspace\8-2-build-windows-amd64-cygwin\jdk8u181\11358\hotspot\src\share\vm\interpreter\linkResolver.cpp, line 1185]
Event: 10.132 Thread 0x000000001a6fb800 Exception <a 'java/lang/NullPointerException'> (0x00000000e29a0890) thrown at [C:\re\workspace\8-2-build-windows-amd64-cygwin\jdk8u181\11358\hotspot\src\share\vm\prims\jvm.cpp, line 1439]
Event: 10.132 Thread 0x000000001a6fb800 Exception <a 'java/lang/ExceptionInInitializerError'> (0x00000000e29a14b0) thrown at [C:\re\workspace\8-2-build-windows-amd64-cygwin\jdk8u181\11358\hotspot\src\share\vm\oops\instanceKlass.cpp, line 964]
Event: 10.134 Thread 0x000000001a545800 Exception <a 'java/lang/reflect/InvocationTargetException'> (0x00000000d5de3390) thrown at [C:\re\workspace\8-2-build-windows-amd64-cygwin\jdk8u181\11358\hotspot\src\share\vm\runtime\reflection.cpp, line 1092]
Event: 10.201 Thread 0x000000001a6fb800 Exception <a 'java/io/FileNotFoundException'> (0x00000000e2f39e70) thrown at [C:\re\workspace\8-2-build-windows-amd64-cygwin\jdk8u181\11358\hotspot\src\share\vm\prims\jni.cpp, line 709]
Event: 10.523 Thread 0x000000001a6fb800 Exception <a 'java/io/FileNotFoundException'> (0x00000000d6275f80) thrown at [C:\re\workspace\8-2-build-windows-amd64-cygwin\jdk8u181\11358\hotspot\src\share\vm\prims\jni.cpp, line 709]
Event: 10.543 Thread 0x000000001a6fb800 Exception <a 'java/io/FileNotFoundException'> (0x00000000d62c2890) thrown at [C:\re\workspace\8-2-build-windows-amd64-cygwin\jdk8u181\11358\hotspot\src\share\vm\prims\jni.cpp, line 709]
Event: 10.543 Thread 0x000000001a6fb800 Exception <a 'java/lang/NullPointerException'> (0x00000000d62c3360) thrown at [C:\re\workspace\8-2-build-windows-amd64-cygwin\jdk8u181\11358\hotspot\src\share\vm\interpreter\linkResolver.cpp, line 1185]

Events (10 events):
Event: 10.989 loading class com/sun/deploy/resources/Deployment_zh_CN
Event: 10.989 loading class com/sun/deploy/resources/Deployment_zh_CN done
Event: 10.996 loading class com/sun/deploy/resources/Deployment_zh_Hans
Event: 10.996 loading class com/sun/deploy/resources/Deployment_zh_Hans done
Event: 10.996 loading class com/sun/deploy/resources/Deployment_zh_Hans_CN
Event: 10.996 loading class com/sun/deploy/resources/Deployment_zh_Hans_CN done
Event: 10.997 loading class com/sun/java/swing/plaf/windows/WindowsButtonUI
Event: 10.997 loading class com/sun/java/swing/plaf/windows/WindowsButtonUI done
Event: 10.998 loading class com/sun/java/swing/plaf/windows/TMSchema$TypeEnum
Event: 10.998 loading class com/sun/java/swing/plaf/windows/TMSchema$TypeEnum done


Dynamic libraries:
0x00007ff67b7f0000 - 0x00007ff67b827000 	C:\Program Files\Java\jdk1.8.0_181\bin\java.exe
0x00007ffde7310000 - 0x00007ffde74f1000 	C:\WINDOWS\SYSTEM32\ntdll.dll
0x00007ffde4860000 - 0x00007ffde4911000 	C:\WINDOWS\System32\KERNEL32.DLL
0x00007ffde3c10000 - 0x00007ffde3e83000 	C:\WINDOWS\System32\KERNELBASE.dll
0x00007ffde4920000 - 0x00007ffde49c1000 	C:\WINDOWS\System32\ADVAPI32.dll
0x00007ffde5060000 - 0x00007ffde50fe000 	C:\WINDOWS\System32\msvcrt.dll
0x00007ffde4b40000 - 0x00007ffde4b9b000 	C:\WINDOWS\System32\sechost.dll
0x00007ffde5610000 - 0x00007ffde5734000 	C:\WINDOWS\System32\RPCRT4.dll
0x00007ffde70f0000 - 0x00007ffde7280000 	C:\WINDOWS\System32\USER32.dll
0x00007ffde3bf0000 - 0x00007ffde3c10000 	C:\WINDOWS\System32\win32u.dll
0x00007ffde6c30000 - 0x00007ffde6c58000 	C:\WINDOWS\System32\GDI32.dll
0x00007ffde36e0000 - 0x00007ffde3871000 	C:\WINDOWS\System32\gdi32full.dll
0x00007ffde4700000 - 0x00007ffde479f000 	C:\WINDOWS\System32\msvcp_win.dll
0x00007ffde4600000 - 0x00007ffde46f8000 	C:\WINDOWS\System32\ucrtbase.dll
0x00007ffdca5c0000 - 0x00007ffdca829000 	C:\WINDOWS\WinSxS\amd64_microsoft.windows.common-controls_6595b64144ccf1df_6.0.17134.950_none_fb3da4273069d3e0\COMCTL32.dll
0x00007ffde6dc0000 - 0x00007ffde70e2000 	C:\WINDOWS\System32\combase.dll
0x00007ffde3980000 - 0x00007ffde39f9000 	C:\WINDOWS\System32\bcryptPrimitives.dll
0x00007ffde47d0000 - 0x00007ffde47fd000 	C:\WINDOWS\System32\IMM32.DLL
0x0000000070c30000 - 0x0000000070d02000 	C:\Program Files\Java\jdk1.8.0_181\jre\bin\msvcr100.dll
0x00000000717b0000 - 0x0000000072052000 	C:\Program Files\Java\jdk1.8.0_181\jre\bin\server\jvm.dll
0x00007ffde47a0000 - 0x00007ffde47a8000 	C:\WINDOWS\System32\PSAPI.DLL
0x00007ffddf200000 - 0x00007ffddf209000 	C:\WINDOWS\SYSTEM32\WSOCK32.dll
0x00007ffde4ff0000 - 0x00007ffde505c000 	C:\WINDOWS\System32\WS2_32.dll
0x00007ffdda690000 - 0x00007ffdda6b3000 	C:\WINDOWS\SYSTEM32\WINMM.dll
0x00007ffdd7fc0000 - 0x00007ffdd7fca000 	C:\WINDOWS\SYSTEM32\VERSION.dll
0x00007ffdda480000 - 0x00007ffdda4aa000 	C:\WINDOWS\SYSTEM32\WINMMBASE.dll
0x00007ffde3880000 - 0x00007ffde38c9000 	C:\WINDOWS\System32\cfgmgr32.dll
0x0000000072310000 - 0x000000007231f000 	C:\Program Files\Java\jdk1.8.0_181\jre\bin\verify.dll
0x00000000722e0000 - 0x0000000072309000 	C:\Program Files\Java\jdk1.8.0_181\jre\bin\java.dll
0x0000000070c00000 - 0x0000000070c23000 	C:\Program Files\Java\jdk1.8.0_181\jre\bin\instrument.dll
0x00000000722c0000 - 0x00000000722d6000 	C:\Program Files\Java\jdk1.8.0_181\jre\bin\zip.dll
0x00007ffde57f0000 - 0x00007ffde6c30000 	C:\WINDOWS\System32\SHELL32.dll
0x00007ffde5740000 - 0x00007ffde57e9000 	C:\WINDOWS\System32\shcore.dll
0x00007ffde3ef0000 - 0x00007ffde45fd000 	C:\WINDOWS\System32\windows.storage.dll
0x00007ffde54c0000 - 0x00007ffde5511000 	C:\WINDOWS\System32\shlwapi.dll
0x00007ffde36c0000 - 0x00007ffde36d1000 	C:\WINDOWS\System32\kernel.appcore.dll
0x00007ffde36a0000 - 0x00007ffde36bf000 	C:\WINDOWS\System32\profapi.dll
0x00007ffde3630000 - 0x00007ffde367c000 	C:\WINDOWS\System32\powrprof.dll
0x00007ffde3620000 - 0x00007ffde362a000 	C:\WINDOWS\System32\FLTLIB.DLL
0x00007ffdde7a0000 - 0x00007ffdde7ba000 	D:\IJ-idea\IntelliJ IDEA 2019.1\bin\breakgen64.dll
0x00000000722a0000 - 0x00000000722ba000 	C:\Program Files\Java\jdk1.8.0_181\jre\bin\net.dll
0x00007ffde2e80000 - 0x00007ffde2ee6000 	C:\WINDOWS\system32\mswsock.dll
0x00007ffdacc80000 - 0x00007ffdacd8d000 	C:\WINDOWS\SysWOW64\ierd_tgp_lsp64.dll
0x00007ffde6c60000 - 0x00007ffde6db1000 	C:\WINDOWS\System32\ole32.dll
0x00007ffde2c10000 - 0x00007ffde2cce000 	C:\WINDOWS\SYSTEM32\DNSAPI.dll
0x00007ffde49d0000 - 0x00007ffde49d8000 	C:\WINDOWS\System32\NSI.dll
0x00007ffde2bd0000 - 0x00007ffde2c08000 	C:\WINDOWS\SYSTEM32\IPHLPAPI.DLL
0x00000000743a0000 - 0x00000000743d5000 	C:\Program Files\Bonjour\mdnsNSP.dll
0x00007ffddc210000 - 0x00007ffddc21a000 	C:\Windows\System32\rasadhlp.dll
0x00007ffddc220000 - 0x00007ffddc292000 	C:\WINDOWS\System32\fwpuclnt.dll
0x00007ffde3160000 - 0x00007ffde3185000 	C:\WINDOWS\SYSTEM32\bcrypt.dll
0x0000000072090000 - 0x000000007209d000 	C:\Program Files\Java\jdk1.8.0_181\jre\bin\management.dll
0x0000000072280000 - 0x0000000072291000 	C:\Program Files\Java\jdk1.8.0_181\jre\bin\nio.dll
0x00007ffde3030000 - 0x00007ffde3047000 	C:\WINDOWS\SYSTEM32\CRYPTSP.dll
0x00007ffde2a30000 - 0x00007ffde2a63000 	C:\WINDOWS\system32\rsaenh.dll
0x00007ffde3550000 - 0x00007ffde3578000 	C:\WINDOWS\SYSTEM32\USERENV.dll
0x00007ffde3050000 - 0x00007ffde305b000 	C:\WINDOWS\SYSTEM32\CRYPTBASE.dll
0x00007ffddf3f0000 - 0x00007ffddf406000 	C:\WINDOWS\SYSTEM32\dhcpcsvc6.DLL
0x00007ffddf3b0000 - 0x00007ffddf3ca000 	C:\WINDOWS\SYSTEM32\dhcpcsvc.DLL
0x00007ffdcf9a0000 - 0x00007ffdcf9b6000 	C:\WINDOWS\system32\napinsp.dll
0x00007ffdcf980000 - 0x00007ffdcf99a000 	C:\WINDOWS\system32\pnrpnsp.dll
0x00007ffdddcd0000 - 0x00007ffdddce9000 	C:\WINDOWS\system32\NLAapi.dll
0x00007ffdcf970000 - 0x00007ffdcf97e000 	C:\WINDOWS\System32\winrnr.dll
0x00007ffdcf950000 - 0x00007ffdcf965000 	C:\WINDOWS\System32\wshbth.dll
0x0000000070b60000 - 0x0000000070bf6000 	C:\Program Files\Java\jdk1.8.0_181\jre\bin\deploy.dll
0x00007ffde47b0000 - 0x00007ffde47cd000 	C:\WINDOWS\System32\imagehlp.dll
0x00007ffde4a60000 - 0x00007ffde4b22000 	C:\WINDOWS\System32\OLEAUT32.dll
0x00007ffdbacb0000 - 0x00007ffdbb16d000 	C:\WINDOWS\SYSTEM32\WININET.dll
0x00007ffdcfe50000 - 0x00007ffdd0019000 	C:\WINDOWS\SYSTEM32\urlmon.dll
0x00007ffdd6630000 - 0x00007ffdd68d6000 	C:\WINDOWS\SYSTEM32\iertutil.dll
0x00007ffde26c0000 - 0x00007ffde26f1000 	C:\WINDOWS\SYSTEM32\ntmarta.dll
0x00000000709c0000 - 0x0000000070b59000 	C:\Program Files\Java\jdk1.8.0_181\jre\bin\awt.dll
0x00007ffde0ab0000 - 0x00007ffde0b3b000 	C:\WINDOWS\SYSTEM32\apphelp.dll
0x00007ffde0be0000 - 0x00007ffde0c78000 	C:\WINDOWS\system32\uxtheme.dll
0x00007ffde5100000 - 0x00007ffde5273000 	C:\WINDOWS\System32\MSCTF.dll
0x00007ffde1660000 - 0x00007ffde1689000 	C:\WINDOWS\system32\dwmapi.dll
0x0000000070970000 - 0x00000000709b7000 	C:\Program Files\Java\jdk1.8.0_181\jre\bin\fontmanager.dll
0x00007ffdca320000 - 0x00007ffdca3c7000 	C:\WINDOWS\WinSxS\amd64_microsoft.windows.common-controls_6595b64144ccf1df_5.82.17134.950_none_f953b71930945fe1\comctl32.dll
0x00007ffde2020000 - 0x00007ffde21e9000 	C:\WINDOWS\SYSTEM32\dbghelp.dll

VM Arguments:
jvm_args: -XX:TieredStopAtLevel=1 -Xverify:none -Dspring.output.ansi.enabled=always -Dcom.sun.management.jmxremote -Dspring.liveBeansView.mbeanDomain -Dspring.application.admin.enabled=true -javaagent:D:\IJ-idea\IntelliJ IDEA 2019.1\lib\idea_rt.jar=56786:D:\IJ-idea\IntelliJ IDEA 2019.1\bin -Dfile.encoding=UTF-8 
java_command: com.Application
java_class_path (initial): C:\Program Files\Java\jdk1.8.0_181\jre\lib\charsets.jar;C:\Program Files\Java\jdk1.8.0_181\jre\lib\deploy.jar;C:\Program Files\Java\jdk1.8.0_181\jre\lib\ext\access-bridge-64.jar;C:\Program Files\Java\jdk1.8.0_181\jre\lib\ext\cldrdata.jar;C:\Program Files\Java\jdk1.8.0_181\jre\lib\ext\dnsns.jar;C:\Program Files\Java\jdk1.8.0_181\jre\lib\ext\jaccess.jar;C:\Program Files\Java\jdk1.8.0_181\jre\lib\ext\jfxrt.jar;C:\Program Files\Java\jdk1.8.0_181\jre\lib\ext\localedata.jar;C:\Program Files\Java\jdk1.8.0_181\jre\lib\ext\nashorn.jar;C:\Program Files\Java\jdk1.8.0_181\jre\lib\ext\sunec.jar;C:\Program Files\Java\jdk1.8.0_181\jre\lib\ext\sunjce_provider.jar;C:\Program Files\Java\jdk1.8.0_181\jre\lib\ext\sunmscapi.jar;C:\Program Files\Java\jdk1.8.0_181\jre\lib\ext\sunpkcs11.jar;C:\Program Files\Java\jdk1.8.0_181\jre\lib\ext\zipfs.jar;C:\Program Files\Java\jdk1.8.0_181\jre\lib\javaws.jar;C:\Program Files\Java\jdk1.8.0_181\jre\lib\jce.jar;C:\Program Files\Java\jdk1.8.0_181\jre\lib\jfr.jar;C:\Program Files\Java\jdk1.8.0_181\jre\lib\jfxswt.jar;C:\Program Files\Java\jdk1.8.0_181\jre\lib\jsse.jar;C:\Program Files\Java\jdk1.8.0_181\jre\lib\management-agent.jar;C:\Program Files\Java\jdk1.8.0_181\jre\lib\plugin.jar;C:\Program Files\Java\jdk1.8.0_181\jre\lib\resources.jar;C:\Program Files\Java\jdk1.8.0_181\jre\lib\rt.jar;D:\IJ-idea\mywork\studcise\target\classes;C:\Users\³ÂÕñ»ª\.m2\repository\org\springframework\boot\spring-boot-starter-web\2.1.5.RELEASE\spring-boot-starter-web-2.1.5.RELEASE.jar;C:\Users\³ÂÕñ»ª\.m2\repository\org\springframework\boot\spring-boot-starter\2.1.5.RELEASE\spring-boot-starter-2.1.5.RELEASE.jar;C:\Users\³ÂÕñ»ª\.m2\repository\org\springframework\boot\spring-boot-starter-logging\2.1.5.RELEASE\spring-boot-starter-logging-2.1.5.RELEASE.jar;C:\Users\³ÂÕñ»ª\.m2\repository\ch\qos\logback\logback-classic\1.2.3\logback-classic-1.2.3.jar;C:\Users\³ÂÕñ»ª\.m2\repository\ch\qos\logback\logback-core\1.2.3\logback-core-1.2.3.jar;C:\Users\³ÂÕñ»ª\.
Launcher Type: SUN_STANDARD

Environment Variables:
JAVA_HOME=C:\Program Files\Java\jdk1.8.0_181
CLASSPATH=.;C:\Program Files\Java\jdk1.8.0_181\lib;C:\Program Files\Java\jdk1.8.0_181\lib\dt.jar;C:\Program Files\Java\jdk1.8.0_181\lib\tools.jar
USERNAME=³ÂÕñ»ª
OS=Windows_NT
PROCESSOR_IDENTIFIER=Intel64 Family 6 Model 142 Stepping 9, GenuineIntel



---------------  S Y S T E M  ---------------

OS: Windows 10.0 , 64 bit Build 17134 (10.0.17134.753)

CPU:total 4 (initial active 4) (2 cores per cpu, 2 threads per core) family 6 model 142 stepping 9, cmov, cx8, fxsr, mmx, sse, sse2, sse3, ssse3, sse4.1, sse4.2, popcnt, avx, avx2, aes, clmul, erms, 3dnowpref, lzcnt, ht, tsc, tscinvbit, bmi1, bmi2, adx

Memory: 4k page, physical 8284648k(1301756k free), swap 14869184k(2945164k free)

vm_info: Java HotSpot(TM) 64-Bit Server VM (25.181-b13) for windows-amd64 JRE (1.8.0_181-b13), built on Jul  7 2018 04:01:33 by "java_re" with MS VC++ 10.0 (VS2010)

time: Sun Aug 25 01:22:43 2019
elapsed time: 11 seconds (0d 0h 0m 11s)

